<?xml version="1.0" encoding="UTF-8"?>
<!-- Generated by org.testng.reporters.JUnitXMLReporter -->
<testsuite hostname="DESKTOP-18B12HC" ignored="0" name="Parameter Test" tests="3" failures="1" timestamp="2022-04-14T12:46:55 IST" time="52.56" errors="0">
  <testcase name="verifyHomepageTitle" time="0.048" classname="org.obs.testNGCommands.HomePageTest">
    <failure type="java.lang.AssertionError" message="Invalid Page Title expected [Demo Web Shop] but found []">
      <![CDATA[java.lang.AssertionError: Invalid Page Title expected [Demo Web Shop] but found []
at org.obs.testNGCommands.HomePageTest.verifyHomepageTitle(HomePageTest.java:65)
at java.util.ArrayList.forEach(ArrayList.java:1257)
at com.intellij.rt.testng.IDEARemoteTestNG.run(IDEARemoteTestNG.java:66)
at com.intellij.rt.testng.RemoteTestNGStarter.main(RemoteTestNGStarter.java:109)
... Removed 29 stack frames]]>
    </failure>
  </testcase> <!-- verifyHomepageTitle -->
  <testcase name="verifylogin" time="4.115" classname="org.obs.testNGCommands.HomePageTest"/>
  <testcase name="verifylogin" time="2.812" classname="org.obs.testNGCommands.HomePageTest"/>
</testsuite> <!-- Parameter Test -->
