<?xml version="1.0" encoding="UTF-8"?>
<!-- Generated by org.testng.reporters.JUnitXMLReporter -->
<testsuite hostname="DESKTOP-18B12HC" ignored="35" name="Smoke Test" tests="2" failures="1" timestamp="2022-04-14T16:14:08 IST" time="62.371" errors="0">
  <testcase name="@AfterMethod tearDown" time="0.085" classname="org.obs.seleniumCommands.SeleniumCommandss">
    <failure type="org.openqa.selenium.NoSuchSessionException" message="invalid session id
Build info: version: &amp;apos;4.1.2&amp;apos;, revision: &amp;apos;9a5a329c5a&amp;apos;
System info: host: &amp;apos;DESKTOP-18B12HC&amp;apos;, ip: &amp;apos;192.168.1.6&amp;apos;, os.name: &amp;apos;Windows 10&amp;apos;, os.arch: &amp;apos;amd64&amp;apos;, os.version: &amp;apos;10.0&amp;apos;, java.version: &amp;apos;1.8.0_202&amp;apos;
Driver info: org.openqa.selenium.chrome.ChromeDriver
Command: [26646cdba9f8410634d34f98edfc5853, screenshot {}]
Capabilities {acceptInsecureCerts: false, browserName: chrome, browserVersion: 100.0.4896.88, chrome: {chromedriverVersion: 100.0.4896.60 (6a5d10861ce8..., userDataDir: C:\Users\lenovo\AppData\Loc...}, goog:chromeOptions: {debuggerAddress: localhost:54149}, javascriptEnabled: true, networkConnectionEnabled: false, pageLoadStrategy: normal, platform: WINDOWS, platformName: WINDOWS, proxy: Proxy(), se:cdp: ws://localhost:54149/devtoo..., se:cdpVersion: 100.0.4896.88, setWindowRect: true, strictFileInteractability: false, timeouts: {implicit: 0, pageLoad: 300000, script: 30000}, unhandledPromptBehavior: dismiss and notify, webauthn:extension:credBlob: true, webauthn:extension:largeBlob: true, webauthn:virtualAuthenticators: true}
Session ID: 26646cdba9f8410634d34f98edfc5853">
      <![CDATA[org.openqa.selenium.NoSuchSessionException: invalid session id
Build info: version: '4.1.2', revision: '9a5a329c5a'
System info: host: 'DESKTOP-18B12HC', ip: '192.168.1.6', os.name: 'Windows 10', os.arch: 'amd64', os.version: '10.0', java.version: '1.8.0_202'
Driver info: org.openqa.selenium.chrome.ChromeDriver
Command: [26646cdba9f8410634d34f98edfc5853, screenshot {}]
Capabilities {acceptInsecureCerts: false, browserName: chrome, browserVersion: 100.0.4896.88, chrome: {chromedriverVersion: 100.0.4896.60 (6a5d10861ce8..., userDataDir: C:\Users\lenovo\AppData\Loc...}, goog:chromeOptions: {debuggerAddress: localhost:54149}, javascriptEnabled: true, networkConnectionEnabled: false, pageLoadStrategy: normal, platform: WINDOWS, platformName: WINDOWS, proxy: Proxy(), se:cdp: ws://localhost:54149/devtoo..., se:cdpVersion: 100.0.4896.88, setWindowRect: true, strictFileInteractability: false, timeouts: {implicit: 0, pageLoad: 300000, script: 30000}, unhandledPromptBehavior: dismiss and notify, webauthn:extension:credBlob: true, webauthn:extension:largeBlob: true, webauthn:virtualAuthenticators: true}
Session ID: 26646cdba9f8410634d34f98edfc5853
at org.openqa.selenium.remote.codec.w3c.W3CHttpResponseCodec.createException(W3CHttpResponseCodec.java:200)
at org.openqa.selenium.remote.codec.w3c.W3CHttpResponseCodec.decode(W3CHttpResponseCodec.java:133)
at org.openqa.selenium.remote.codec.w3c.W3CHttpResponseCodec.decode(W3CHttpResponseCodec.java:53)
at org.openqa.selenium.remote.HttpCommandExecutor.execute(HttpCommandExecutor.java:184)
at org.openqa.selenium.remote.service.DriverCommandExecutor.invokeExecute(DriverCommandExecutor.java:167)
at org.openqa.selenium.remote.service.DriverCommandExecutor.execute(DriverCommandExecutor.java:142)
at org.openqa.selenium.remote.RemoteWebDriver.execute(RemoteWebDriver.java:558)
at org.openqa.selenium.remote.RemoteWebDriver.execute(RemoteWebDriver.java:613)
at org.openqa.selenium.remote.RemoteWebDriver.execute(RemoteWebDriver.java:617)
at org.openqa.selenium.remote.RemoteWebDriver.getScreenshotAs(RemoteWebDriver.java:348)
at org.obs.seleniumCommands.SeleniumCommandss.tearDown(SeleniumCommandss.java:98)
at java.util.concurrent.ThreadPoolExecutor.runWorker(ThreadPoolExecutor.java:1149)
at java.util.concurrent.ThreadPoolExecutor$Worker.run(ThreadPoolExecutor.java:624)
at java.lang.Thread.run(Thread.java:748)
... Removed 21 stack frames]]>
    </failure>
  </testcase> <!-- @AfterMethod tearDown -->
  <testcase name="verifyHomepageTitle" time="28.281" classname="org.obs.seleniumCommands.SeleniumCommandss"/>
  <testcase name="verifylogin" time="31.578" classname="org.obs.seleniumCommands.SeleniumCommandss">
    <failure type="org.openqa.selenium.NoSuchSessionException" message="invalid session id
Build info: version: &amp;apos;4.1.2&amp;apos;, revision: &amp;apos;9a5a329c5a&amp;apos;
System info: host: &amp;apos;DESKTOP-18B12HC&amp;apos;, ip: &amp;apos;192.168.1.6&amp;apos;, os.name: &amp;apos;Windows 10&amp;apos;, os.arch: &amp;apos;amd64&amp;apos;, os.version: &amp;apos;10.0&amp;apos;, java.version: &amp;apos;1.8.0_202&amp;apos;
Driver info: org.openqa.selenium.chrome.ChromeDriver
Command: [26646cdba9f8410634d34f98edfc5853, clickElement {id=29564e38-0ce8-4def-ade2-010a44f86052}]
Capabilities {acceptInsecureCerts: false, browserName: chrome, browserVersion: 100.0.4896.88, chrome: {chromedriverVersion: 100.0.4896.60 (6a5d10861ce8..., userDataDir: C:\Users\lenovo\AppData\Loc...}, goog:chromeOptions: {debuggerAddress: localhost:54149}, javascriptEnabled: true, networkConnectionEnabled: false, pageLoadStrategy: normal, platform: WINDOWS, platformName: WINDOWS, proxy: Proxy(), se:cdp: ws://localhost:54149/devtoo..., se:cdpVersion: 100.0.4896.88, setWindowRect: true, strictFileInteractability: false, timeouts: {implicit: 0, pageLoad: 300000, script: 30000}, unhandledPromptBehavior: dismiss and notify, webauthn:extension:credBlob: true, webauthn:extension:largeBlob: true, webauthn:virtualAuthenticators: true}
Element: [[ChromeDriver: chrome on WINDOWS (26646cdba9f8410634d34f98edfc5853)] -&amp;gt; css selector: li&amp;gt;a[class=&amp;apos;ico-login&amp;apos;]
Session ID: 26646cdba9f8410634d34f98edfc5853">
      <![CDATA[org.openqa.selenium.NoSuchSessionException: invalid session id
Build info: version: '4.1.2', revision: '9a5a329c5a'
System info: host: 'DESKTOP-18B12HC', ip: '192.168.1.6', os.name: 'Windows 10', os.arch: 'amd64', os.version: '10.0', java.version: '1.8.0_202'
Driver info: org.openqa.selenium.chrome.ChromeDriver
Command: [26646cdba9f8410634d34f98edfc5853, clickElement {id=29564e38-0ce8-4def-ade2-010a44f86052}]
Capabilities {acceptInsecureCerts: false, browserName: chrome, browserVersion: 100.0.4896.88, chrome: {chromedriverVersion: 100.0.4896.60 (6a5d10861ce8..., userDataDir: C:\Users\lenovo\AppData\Loc...}, goog:chromeOptions: {debuggerAddress: localhost:54149}, javascriptEnabled: true, networkConnectionEnabled: false, pageLoadStrategy: normal, platform: WINDOWS, platformName: WINDOWS, proxy: Proxy(), se:cdp: ws://localhost:54149/devtoo..., se:cdpVersion: 100.0.4896.88, setWindowRect: true, strictFileInteractability: false, timeouts: {implicit: 0, pageLoad: 300000, script: 30000}, unhandledPromptBehavior: dismiss and notify, webauthn:extension:credBlob: true, webauthn:extension:largeBlob: true, webauthn:virtualAuthenticators: true}
Element: [[ChromeDriver: chrome on WINDOWS (26646cdba9f8410634d34f98edfc5853)] -> css selector: li>a[class='ico-login']
Session ID: 26646cdba9f8410634d34f98edfc5853
at org.openqa.selenium.remote.codec.w3c.W3CHttpResponseCodec.createException(W3CHttpResponseCodec.java:200)
at org.openqa.selenium.remote.codec.w3c.W3CHttpResponseCodec.decode(W3CHttpResponseCodec.java:133)
at org.openqa.selenium.remote.codec.w3c.W3CHttpResponseCodec.decode(W3CHttpResponseCodec.java:53)
at org.openqa.selenium.remote.HttpCommandExecutor.execute(HttpCommandExecutor.java:184)
at org.openqa.selenium.remote.service.DriverCommandExecutor.invokeExecute(DriverCommandExecutor.java:167)
at org.openqa.selenium.remote.service.DriverCommandExecutor.execute(DriverCommandExecutor.java:142)
at org.openqa.selenium.remote.RemoteWebDriver.execute(RemoteWebDriver.java:558)
at org.openqa.selenium.remote.RemoteWebElement.execute(RemoteWebElement.java:251)
at org.openqa.selenium.remote.RemoteWebElement.click(RemoteWebElement.java:77)
at org.obs.seleniumCommands.SeleniumCommandss.verifylogin(SeleniumCommandss.java:122)
at java.util.concurrent.ThreadPoolExecutor.runWorker(ThreadPoolExecutor.java:1149)
at java.util.concurrent.ThreadPoolExecutor$Worker.run(ThreadPoolExecutor.java:624)
at java.lang.Thread.run(Thread.java:748)
... Removed 16 stack frames]]>
    </failure>
  </testcase> <!-- verifylogin -->
  <testcase name="verifyWebElementCommands" time="0.0" classname="org.obs.seleniumCommands.SeleniumCommandss">
    <ignored/>
  </testcase> <!-- verifyWebElementCommands -->
  <testcase name="verifyClear" time="0.0" classname="org.obs.seleniumCommands.SeleniumCommandss">
    <ignored/>
  </testcase> <!-- verifyClear -->
  <testcase name="verifyPromtAlert" time="0.0" classname="org.obs.seleniumCommands.SeleniumCommandss">
    <ignored/>
  </testcase> <!-- verifyPromtAlert -->
  <testcase name="verifyDataFromExcel" time="0.0" classname="org.obs.seleniumCommands.SeleniumCommandss">
    <ignored/>
  </testcase> <!-- verifyDataFromExcel -->
  <testcase name="verifyRegistration" time="0.0" classname="org.obs.seleniumCommands.SeleniumCommandss">
    <ignored/>
  </testcase> <!-- verifyRegistration -->
  <testcase name="verifyCheckbox" time="0.0" classname="org.obs.seleniumCommands.SeleniumCommandss">
    <ignored/>
  </testcase> <!-- verifyCheckbox -->
  <testcase name="verifyFirstSelectedColor" time="0.0" classname="org.obs.seleniumCommands.SeleniumCommandss">
    <ignored/>
  </testcase> <!-- verifyFirstSelectedColor -->
  <testcase name="verifySimpleAlert" time="0.0" classname="org.obs.seleniumCommands.SeleniumCommandss">
    <ignored/>
  </testcase> <!-- verifySimpleAlert -->
  <testcase name="verifyRightClick" time="0.0" classname="org.obs.seleniumCommands.SeleniumCommandss">
    <ignored/>
  </testcase> <!-- verifyRightClick -->
  <testcase name="verifyFileUpload" time="0.0" classname="org.obs.seleniumCommands.SeleniumCommandss">
    <ignored/>
  </testcase> <!-- verifyFileUpload -->
  <testcase name="VerifyColorOptions" time="0.0" classname="org.obs.seleniumCommands.SeleniumCommandss">
    <ignored/>
  </testcase> <!-- VerifyColorOptions -->
  <testcase name="verifyScrool" time="0.0" classname="org.obs.seleniumCommands.SeleniumCommandss">
    <ignored/>
  </testcase> <!-- verifyScrool -->
  <testcase name="verifyMultipleWindow" time="0.0" classname="org.obs.seleniumCommands.SeleniumCommandss">
    <ignored/>
  </testcase> <!-- verifyMultipleWindow -->
  <testcase name="demoDeleteAlert" time="0.0" classname="org.obs.seleniumCommands.SeleniumCommandss">
    <ignored/>
  </testcase> <!-- demoDeleteAlert -->
  <testcase name="verifyLoginNew" time="0.0" classname="org.obs.seleniumCommands.SeleniumCommandss">
    <ignored/>
  </testcase> <!-- verifyLoginNew -->
  <testcase name="verifyDragAndDropBy" time="0.0" classname="org.obs.seleniumCommands.SeleniumCommandss">
    <ignored/>
  </testcase> <!-- verifyDragAndDropBy -->
  <testcase name="verifyTablesHeaders" time="0.0" classname="org.obs.seleniumCommands.SeleniumCommandss">
    <ignored/>
  </testcase> <!-- verifyTablesHeaders -->
  <testcase name="verifyKeyboardActions" time="0.0" classname="org.obs.seleniumCommands.SeleniumCommandss">
    <ignored/>
  </testcase> <!-- verifyKeyboardActions -->
  <testcase name="verifyDropdown" time="0.0" classname="org.obs.seleniumCommands.SeleniumCommandss">
    <ignored/>
  </testcase> <!-- verifyDropdown -->
  <testcase name="verifyDragAndDrop" time="0.0" classname="org.obs.seleniumCommands.SeleniumCommandss">
    <ignored/>
  </testcase> <!-- verifyDragAndDrop -->
  <testcase name="verifyMouseOver" time="0.0" classname="org.obs.seleniumCommands.SeleniumCommandss">
    <ignored/>
  </testcase> <!-- verifyMouseOver -->
  <testcase name="verifySelectedColor" time="0.0" classname="org.obs.seleniumCommands.SeleniumCommandss">
    <ignored/>
  </testcase> <!-- verifySelectedColor -->
  <testcase name="verifyMultipleSelectedColor" time="0.0" classname="org.obs.seleniumCommands.SeleniumCommandss">
    <ignored/>
  </testcase> <!-- verifyMultipleSelectedColor -->
  <testcase name="verifyValuesInTable" time="0.0" classname="org.obs.seleniumCommands.SeleniumCommandss">
    <ignored/>
  </testcase> <!-- verifyValuesInTable -->
  <testcase name="verifyElementEnabled" time="0.0" classname="org.obs.seleniumCommands.SeleniumCommandss">
    <ignored/>
  </testcase> <!-- verifyElementEnabled -->
  <testcase name="verifyElementPresent" time="0.0" classname="org.obs.seleniumCommands.SeleniumCommandss">
    <ignored/>
  </testcase> <!-- verifyElementPresent -->
  <testcase name="verifyTable" time="0.0" classname="org.obs.seleniumCommands.SeleniumCommandss">
    <ignored/>
  </testcase> <!-- verifyTable -->
  <testcase name="verifyDemotoolMouseOver" time="0.0" classname="org.obs.seleniumCommands.SeleniumCommandss">
    <ignored/>
  </testcase> <!-- verifyDemotoolMouseOver -->
  <testcase name="verifyDoubleClick" time="0.0" classname="org.obs.seleniumCommands.SeleniumCommandss">
    <ignored/>
  </testcase> <!-- verifyDoubleClick -->
  <testcase name="verifyJavaScriptExecuter" time="0.0" classname="org.obs.seleniumCommands.SeleniumCommandss">
    <ignored/>
  </testcase> <!-- verifyJavaScriptExecuter -->
  <testcase name="verifyDeSelectedColor" time="0.0" classname="org.obs.seleniumCommands.SeleniumCommandss">
    <ignored/>
  </testcase> <!-- verifyDeSelectedColor -->
  <testcase name="fileuploadUsingRobotclass" time="0.0" classname="org.obs.seleniumCommands.SeleniumCommandss">
    <ignored/>
  </testcase> <!-- fileuploadUsingRobotclass -->
  <testcase name="verifyConfirmationAlert" time="0.0" classname="org.obs.seleniumCommands.SeleniumCommandss">
    <ignored/>
  </testcase> <!-- verifyConfirmationAlert -->
  <testcase name="verifyFramesinSelenium" time="0.0" classname="org.obs.seleniumCommands.SeleniumCommandss">
    <ignored/>
  </testcase> <!-- verifyFramesinSelenium -->
  <testcase name="verifySearchButton" time="0.0" classname="org.obs.seleniumCommands.SeleniumCommandss">
    <ignored/>
  </testcase> <!-- verifySearchButton -->
</testsuite> <!-- Smoke Test -->
